
0: shift/reduce conflict (shift 7(0), red'n 7(0)) on DO
0: shift/reduce conflict (shift 17(0), red'n 7(0)) on FOR
0: shift/reduce conflict (shift 12(0), red'n 7(0)) on FUNCTION
0: shift/reduce conflict (shift 11(0), red'n 7(0)) on IF
0: shift/reduce conflict (shift 15(0), red'n 7(0)) on LOCAL
0: shift/reduce conflict (shift 10(0), red'n 7(0)) on REPEAT
0: shift/reduce conflict (shift 8(0), red'n 7(0)) on WHILE
0: shift/reduce conflict (shift 16(0), red'n 7(0)) on CLOSURE
0: shift/reduce conflict (shift 20(0), red'n 7(0)) on NAME
0: shift/reduce conflict (shift 6(0), red'n 7(0)) on ANNOTATION
state 0
	$accept: .Chunk $end 
	StatList: .    (7)

	DO  shift 7
	FOR  shift 17
	FUNCTION  shift 12
	IF  shift 11
	LOCAL  shift 15
	REPEAT  shift 10
	WHILE  shift 8
	CLOSURE  shift 16
	NAME  shift 20
	ANNOTATION  shift 6
	.  reduce 7 (src line 66)

	Chunk  goto 1
	Block  goto 2
	StatList  goto 3
	Stat  goto 4
	Binding  goto 5
	Repetition  goto 9
	SetList  goto 13
	FuncCall  goto 14
	Var  goto 18
	PrefixExp  goto 19

state 1
	$accept:  Chunk.$end 

	$end  accept
	.  error


state 2
	Chunk:  Block.    (1)

	.  reduce 1 (src line 53)


state 3
	Block:  StatList.    (2)
	Block:  StatList.LastStat 
	StatList:  StatList.Stat 

	BREAK  shift 23
	DO  shift 7
	FOR  shift 17
	FUNCTION  shift 12
	IF  shift 11
	LOCAL  shift 15
	RETURN  shift 25
	REPEAT  shift 10
	WHILE  shift 8
	CLOSURE  shift 16
	CONTINUE  shift 24
	NAME  shift 20
	ANNOTATION  shift 6
	.  reduce 2 (src line 56)

	LastStat  goto 21
	Stat  goto 22
	Binding  goto 5
	Repetition  goto 9
	SetList  goto 13
	FuncCall  goto 14
	Var  goto 18
	PrefixExp  goto 19

state 4
	StatList:  Stat.    (5)

	.  reduce 5 (src line 63)


state 5
	Stat:  Binding.    (8)

	.  reduce 8 (src line 68)


state 6
	Stat:  ANNOTATION.    (9)

	.  reduce 9 (src line 70)


7: shift/reduce conflict (shift 7(0), red'n 7(0)) on DO
7: shift/reduce conflict (shift 17(0), red'n 7(0)) on FOR
7: shift/reduce conflict (shift 12(0), red'n 7(0)) on FUNCTION
7: shift/reduce conflict (shift 11(0), red'n 7(0)) on IF
7: shift/reduce conflict (shift 15(0), red'n 7(0)) on LOCAL
7: shift/reduce conflict (shift 10(0), red'n 7(0)) on REPEAT
7: shift/reduce conflict (shift 8(0), red'n 7(0)) on WHILE
7: shift/reduce conflict (shift 16(0), red'n 7(0)) on CLOSURE
7: shift/reduce conflict (shift 20(0), red'n 7(0)) on NAME
7: shift/reduce conflict (shift 6(0), red'n 7(0)) on ANNOTATION
state 7
	Stat:  DO.Block END 
	StatList: .    (7)

	DO  shift 7
	FOR  shift 17
	FUNCTION  shift 12
	IF  shift 11
	LOCAL  shift 15
	REPEAT  shift 10
	WHILE  shift 8
	CLOSURE  shift 16
	NAME  shift 20
	ANNOTATION  shift 6
	.  reduce 7 (src line 66)

	Block  goto 26
	StatList  goto 3
	Stat  goto 4
	Binding  goto 5
	Repetition  goto 9
	SetList  goto 13
	FuncCall  goto 14
	Var  goto 18
	PrefixExp  goto 19

state 8
	Stat:  WHILE.Exp DO Block END 

	FALSE  shift 30
	FUNCTION  shift 41
	NIL  shift 28
	NOT  shift 38
	TRUE  shift 29
	NUMBER  shift 31
	STRING  shift 32
	NAME  shift 20
	MORE  shift 33
	-  shift 40
	#  shift 39
	[  shift 45
	{  shift 44
	.  error

	Exp  goto 27
	FuncCall  goto 43
	Var  goto 42
	FuncDef  goto 34
	PrefixExp  goto 35
	Tableconstructor  goto 36
	Arrayconstructor  goto 37

state 9
	Stat:  Repetition.DO Block END 

	DO  shift 46
	.  error


10: shift/reduce conflict (shift 7(0), red'n 7(0)) on DO
10: shift/reduce conflict (shift 17(0), red'n 7(0)) on FOR
10: shift/reduce conflict (shift 12(0), red'n 7(0)) on FUNCTION
10: shift/reduce conflict (shift 11(0), red'n 7(0)) on IF
10: shift/reduce conflict (shift 15(0), red'n 7(0)) on LOCAL
10: shift/reduce conflict (shift 10(0), red'n 7(0)) on REPEAT
10: shift/reduce conflict (shift 8(0), red'n 7(0)) on WHILE
10: shift/reduce conflict (shift 16(0), red'n 7(0)) on CLOSURE
10: shift/reduce conflict (shift 20(0), red'n 7(0)) on NAME
10: shift/reduce conflict (shift 6(0), red'n 7(0)) on ANNOTATION
state 10
	Stat:  REPEAT.UBlock 
	StatList: .    (7)

	DO  shift 7
	FOR  shift 17
	FUNCTION  shift 12
	IF  shift 11
	LOCAL  shift 15
	REPEAT  shift 10
	WHILE  shift 8
	CLOSURE  shift 16
	NAME  shift 20
	ANNOTATION  shift 6
	.  reduce 7 (src line 66)

	Block  goto 48
	StatList  goto 3
	UBlock  goto 47
	Stat  goto 4
	Binding  goto 5
	Repetition  goto 9
	SetList  goto 13
	FuncCall  goto 14
	Var  goto 18
	PrefixExp  goto 19

state 11
	Stat:  IF.Conds END 

	FALSE  shift 30
	FUNCTION  shift 41
	NIL  shift 28
	NOT  shift 38
	TRUE  shift 29
	NUMBER  shift 31
	STRING  shift 32
	NAME  shift 20
	MORE  shift 33
	-  shift 40
	#  shift 39
	[  shift 45
	{  shift 44
	.  error

	Exp  goto 52
	Conds  goto 49
	FuncCall  goto 43
	CondList  goto 50
	Cond  goto 51
	Var  goto 42
	FuncDef  goto 34
	PrefixExp  goto 35
	Tableconstructor  goto 36
	Arrayconstructor  goto 37

state 12
	Stat:  FUNCTION.FuncName FuncBody 

	NAME  shift 55
	.  error

	FuncName  goto 53
	DottedName  goto 54

state 13
	Stat:  SetList.= ExpList 
	SetList:  SetList., Var 

	=  shift 56
	,  shift 57
	.  error


state 14
	Stat:  FuncCall.    (17)
	PrefixExp:  FuncCall.    (71)

	(  reduce 71 (src line 170)
	.  reduce 71 (src line 170)
	[  reduce 71 (src line 170)
	.  reduce 17 (src line 81)


state 15
	Binding:  LOCAL.NameList 
	Binding:  LOCAL.NameList = ExpList 
	Binding:  LOCAL.FUNCTION NAME FuncBody 

	FUNCTION  shift 59
	NAME  shift 60
	.  error

	NameList  goto 58

state 16
	Binding:  CLOSURE.( NameList ) 
	Binding:  CLOSURE.NameList 

	NAME  shift 60
	(  shift 61
	.  error

	NameList  goto 62

state 17
	Repetition:  FOR.NAME = ExpList 
	Repetition:  FOR.Name2 IN ExpList 

	NAME  shift 63
	.  error

	Name2  goto 64

state 18
	SetList:  Var.    (34)
	PrefixExp:  Var.    (70)

	=  reduce 34 (src line 116)
	,  reduce 34 (src line 116)
	.  reduce 70 (src line 168)


state 19
	Var:  PrefixExp.[ Exp ] 
	Var:  PrefixExp.. NAME 
	FuncCall:  PrefixExp.Args 

	(  shift 68
	.  shift 66
	[  shift 65
	.  error

	Args  goto 67

state 20
	Var:  NAME.    (67)

	.  reduce 67 (src line 160)


state 21
	Block:  StatList LastStat.    (3)

	.  reduce 3 (src line 58)


state 22
	StatList:  StatList Stat.    (6)

	.  reduce 6 (src line 65)


state 23
	LastStat:  BREAK.    (25)

	.  reduce 25 (src line 98)


state 24
	LastStat:  CONTINUE.    (26)

	.  reduce 26 (src line 100)


state 25
	LastStat:  RETURN.    (27)
	LastStat:  RETURN.ExpList 

	FALSE  shift 30
	FUNCTION  shift 41
	NIL  shift 28
	NOT  shift 38
	TRUE  shift 29
	NUMBER  shift 31
	STRING  shift 32
	NAME  shift 20
	MORE  shift 33
	-  shift 40
	#  shift 39
	[  shift 45
	{  shift 44
	.  reduce 27 (src line 101)

	Exp  goto 70
	ExpList  goto 69
	FuncCall  goto 43
	Var  goto 42
	FuncDef  goto 34
	PrefixExp  goto 35
	Tableconstructor  goto 36
	Arrayconstructor  goto 37

state 26
	Stat:  DO Block.END 

	END  shift 71
	.  error


state 27
	Stat:  WHILE Exp.DO Block END 
	Exp:  Exp.OR Exp 
	Exp:  Exp.AND Exp 
	Exp:  Exp.< Exp 
	Exp:  Exp.> Exp 
	Exp:  Exp.SLTEQ Exp 
	Exp:  Exp.SGTEQ Exp 
	Exp:  Exp.SEQ Exp 
	Exp:  Exp.SNOTEQ Exp 
	Exp:  Exp.STRADD Exp 
	Exp:  Exp.- Exp 
	Exp:  Exp.+ Exp 
	Exp:  Exp.* Exp 
	Exp:  Exp./ Exp 
	Exp:  Exp.^ Exp 
	Exp:  Exp.% Exp 

	AND  shift 74
	DO  shift 72
	OR  shift 73
	SLTEQ  shift 77
	SGTEQ  shift 78
	SEQ  shift 79
	SNOTEQ  shift 80
	STRADD  shift 81
	<  shift 75
	>  shift 76
	+  shift 83
	-  shift 82
	*  shift 84
	/  shift 85
	%  shift 87
	^  shift 86
	.  error


state 28
	Exp:  NIL.    (39)

	.  reduce 39 (src line 130)


state 29
	Exp:  TRUE.    (40)

	.  reduce 40 (src line 132)


state 30
	Exp:  FALSE.    (41)

	.  reduce 41 (src line 133)


state 31
	Exp:  NUMBER.    (42)

	.  reduce 42 (src line 134)


state 32
	Exp:  STRING.    (43)

	.  reduce 43 (src line 135)


state 33
	Exp:  MORE.    (44)

	.  reduce 44 (src line 136)


state 34
	Exp:  FuncDef.    (45)

	.  reduce 45 (src line 137)


state 35
	Exp:  PrefixExp.    (46)
	Var:  PrefixExp.[ Exp ] 
	Var:  PrefixExp.. NAME 
	FuncCall:  PrefixExp.Args 

	(  shift 68
	.  shift 66
	[  shift 65
	.  reduce 46 (src line 138)

	Args  goto 67

state 36
	Exp:  Tableconstructor.    (47)

	.  reduce 47 (src line 139)


state 37
	Exp:  Arrayconstructor.    (48)

	.  reduce 48 (src line 140)


state 38
	Exp:  NOT.Exp 

	FALSE  shift 30
	FUNCTION  shift 41
	NIL  shift 28
	NOT  shift 38
	TRUE  shift 29
	NUMBER  shift 31
	STRING  shift 32
	NAME  shift 20
	MORE  shift 33
	-  shift 40
	#  shift 39
	[  shift 45
	{  shift 44
	.  error

	Exp  goto 88
	FuncCall  goto 43
	Var  goto 42
	FuncDef  goto 34
	PrefixExp  goto 35
	Tableconstructor  goto 36
	Arrayconstructor  goto 37

state 39
	Exp:  #.Exp 

	FALSE  shift 30
	FUNCTION  shift 41
	NIL  shift 28
	NOT  shift 38
	TRUE  shift 29
	NUMBER  shift 31
	STRING  shift 32
	NAME  shift 20
	MORE  shift 33
	-  shift 40
	#  shift 39
	[  shift 45
	{  shift 44
	.  error

	Exp  goto 89
	FuncCall  goto 43
	Var  goto 42
	FuncDef  goto 34
	PrefixExp  goto 35
	Tableconstructor  goto 36
	Arrayconstructor  goto 37

state 40
	Exp:  -.Exp 

	FALSE  shift 30
	FUNCTION  shift 41
	NIL  shift 28
	NOT  shift 38
	TRUE  shift 29
	NUMBER  shift 31
	STRING  shift 32
	NAME  shift 20
	MORE  shift 33
	-  shift 40
	#  shift 39
	[  shift 45
	{  shift 44
	.  error

	Exp  goto 90
	FuncCall  goto 43
	Var  goto 42
	FuncDef  goto 34
	PrefixExp  goto 35
	Tableconstructor  goto 36
	Arrayconstructor  goto 37

state 41
	FuncDef:  FUNCTION.FuncBody 

	(  shift 93
	.  error

	FuncBody  goto 91
	ParamDefList  goto 92

state 42
	PrefixExp:  Var.    (70)

	.  reduce 70 (src line 168)


state 43
	PrefixExp:  FuncCall.    (71)

	.  reduce 71 (src line 170)


state 44
	Tableconstructor:  {.} 
	Tableconstructor:  {.FieldList } 
	Tableconstructor:  {.FieldList , } 

	NAME  shift 97
	[  shift 98
	}  shift 94
	.  error

	FieldList  goto 95
	Field  goto 96

state 45
	Arrayconstructor:  [.] 
	Arrayconstructor:  [.ExpList ] 
	Arrayconstructor:  [.ExpList , ] 

	FALSE  shift 30
	FUNCTION  shift 41
	NIL  shift 28
	NOT  shift 38
	TRUE  shift 29
	NUMBER  shift 31
	STRING  shift 32
	NAME  shift 20
	MORE  shift 33
	-  shift 40
	#  shift 39
	[  shift 45
	]  shift 99
	{  shift 44
	.  error

	Exp  goto 70
	ExpList  goto 100
	FuncCall  goto 43
	Var  goto 42
	FuncDef  goto 34
	PrefixExp  goto 35
	Tableconstructor  goto 36
	Arrayconstructor  goto 37

46: shift/reduce conflict (shift 7(0), red'n 7(0)) on DO
46: shift/reduce conflict (shift 17(0), red'n 7(0)) on FOR
46: shift/reduce conflict (shift 12(0), red'n 7(0)) on FUNCTION
46: shift/reduce conflict (shift 11(0), red'n 7(0)) on IF
46: shift/reduce conflict (shift 15(0), red'n 7(0)) on LOCAL
46: shift/reduce conflict (shift 10(0), red'n 7(0)) on REPEAT
46: shift/reduce conflict (shift 8(0), red'n 7(0)) on WHILE
46: shift/reduce conflict (shift 16(0), red'n 7(0)) on CLOSURE
46: shift/reduce conflict (shift 20(0), red'n 7(0)) on NAME
46: shift/reduce conflict (shift 6(0), red'n 7(0)) on ANNOTATION
state 46
	Stat:  Repetition DO.Block END 
	StatList: .    (7)

	DO  shift 7
	FOR  shift 17
	FUNCTION  shift 12
	IF  shift 11
	LOCAL  shift 15
	REPEAT  shift 10
	WHILE  shift 8
	CLOSURE  shift 16
	NAME  shift 20
	ANNOTATION  shift 6
	.  reduce 7 (src line 66)

	Block  goto 101
	StatList  goto 3
	Stat  goto 4
	Binding  goto 5
	Repetition  goto 9
	SetList  goto 13
	FuncCall  goto 14
	Var  goto 18
	PrefixExp  goto 19

state 47
	Stat:  REPEAT UBlock.    (13)

	.  reduce 13 (src line 74)


state 48
	UBlock:  Block.UNTIL Exp 

	UNTIL  shift 102
	.  error


state 49
	Stat:  IF Conds.END 

	END  shift 103
	.  error


state 50
	Conds:  CondList.    (20)
	Conds:  CondList.ELSE Block 
	CondList:  CondList.ELSEIF Cond 

	ELSEIF  shift 105
	ELSE  shift 104
	.  reduce 20 (src line 87)


state 51
	CondList:  Cond.    (22)

	.  reduce 22 (src line 91)


state 52
	Cond:  Exp.THEN Block 
	Exp:  Exp.OR Exp 
	Exp:  Exp.AND Exp 
	Exp:  Exp.< Exp 
	Exp:  Exp.> Exp 
	Exp:  Exp.SLTEQ Exp 
	Exp:  Exp.SGTEQ Exp 
	Exp:  Exp.SEQ Exp 
	Exp:  Exp.SNOTEQ Exp 
	Exp:  Exp.STRADD Exp 
	Exp:  Exp.- Exp 
	Exp:  Exp.+ Exp 
	Exp:  Exp.* Exp 
	Exp:  Exp./ Exp 
	Exp:  Exp.^ Exp 
	Exp:  Exp.% Exp 

	AND  shift 74
	OR  shift 73
	THEN  shift 106
	SLTEQ  shift 77
	SGTEQ  shift 78
	SEQ  shift 79
	SNOTEQ  shift 80
	STRADD  shift 81
	<  shift 75
	>  shift 76
	+  shift 83
	-  shift 82
	*  shift 84
	/  shift 85
	%  shift 87
	^  shift 86
	.  error


state 53
	Stat:  FUNCTION FuncName.FuncBody 

	(  shift 93
	.  error

	FuncBody  goto 107
	ParamDefList  goto 92

state 54
	FuncName:  DottedName.    (36)
	DottedName:  DottedName.. NAME 

	.  shift 108
	.  reduce 36 (src line 120)


state 55
	DottedName:  NAME.    (37)

	.  reduce 37 (src line 123)


state 56
	Stat:  SetList =.ExpList 

	FALSE  shift 30
	FUNCTION  shift 41
	NIL  shift 28
	NOT  shift 38
	TRUE  shift 29
	NUMBER  shift 31
	STRING  shift 32
	NAME  shift 20
	MORE  shift 33
	-  shift 40
	#  shift 39
	[  shift 45
	{  shift 44
	.  error

	Exp  goto 70
	ExpList  goto 109
	FuncCall  goto 43
	Var  goto 42
	FuncDef  goto 34
	PrefixExp  goto 35
	Tableconstructor  goto 36
	Arrayconstructor  goto 37

state 57
	SetList:  SetList ,.Var 

	NAME  shift 20
	.  error

	FuncCall  goto 43
	Var  goto 110
	PrefixExp  goto 19

state 58
	Binding:  LOCAL NameList.    (29)
	Binding:  LOCAL NameList.= ExpList 
	NameList:  NameList., NAME 

	=  shift 111
	,  shift 112
	.  reduce 29 (src line 104)


state 59
	Binding:  LOCAL FUNCTION.NAME FuncBody 

	NAME  shift 113
	.  error


state 60
	NameList:  NAME.    (84)

	.  reduce 84 (src line 199)


state 61
	Binding:  CLOSURE (.NameList ) 

	NAME  shift 60
	.  error

	NameList  goto 114

state 62
	Binding:  CLOSURE NameList.    (33)
	NameList:  NameList., NAME 

	,  shift 112
	.  reduce 33 (src line 114)


state 63
	Repetition:  FOR NAME.= ExpList 
	Name2:  NAME.    (82)
	Name2:  NAME., NAME 

	=  shift 115
	,  shift 116
	.  reduce 82 (src line 195)


state 64
	Repetition:  FOR Name2.IN ExpList 

	IN  shift 117
	.  error


state 65
	Var:  PrefixExp [.Exp ] 

	FALSE  shift 30
	FUNCTION  shift 41
	NIL  shift 28
	NOT  shift 38
	TRUE  shift 29
	NUMBER  shift 31
	STRING  shift 32
	NAME  shift 20
	MORE  shift 33
	-  shift 40
	#  shift 39
	[  shift 45
	{  shift 44
	.  error

	Exp  goto 118
	FuncCall  goto 43
	Var  goto 42
	FuncDef  goto 34
	PrefixExp  goto 35
	Tableconstructor  goto 36
	Arrayconstructor  goto 37

state 66
	Var:  PrefixExp ..NAME 

	NAME  shift 119
	.  error


state 67
	FuncCall:  PrefixExp Args.    (72)

	.  reduce 72 (src line 172)


state 68
	Args:  (.) 
	Args:  (.ExpList ) 

	FALSE  shift 30
	FUNCTION  shift 41
	NIL  shift 28
	NOT  shift 38
	TRUE  shift 29
	NUMBER  shift 31
	STRING  shift 32
	NAME  shift 20
	MORE  shift 33
	-  shift 40
	)  shift 120
	#  shift 39
	[  shift 45
	{  shift 44
	.  error

	Exp  goto 70
	ExpList  goto 121
	FuncCall  goto 43
	Var  goto 42
	FuncDef  goto 34
	PrefixExp  goto 35
	Tableconstructor  goto 36
	Arrayconstructor  goto 37

state 69
	LastStat:  RETURN ExpList.    (28)
	ExpList:  ExpList., Exp 

	,  shift 122
	.  reduce 28 (src line 102)


state 70
	Exp:  Exp.OR Exp 
	Exp:  Exp.AND Exp 
	Exp:  Exp.< Exp 
	Exp:  Exp.> Exp 
	Exp:  Exp.SLTEQ Exp 
	Exp:  Exp.SGTEQ Exp 
	Exp:  Exp.SEQ Exp 
	Exp:  Exp.SNOTEQ Exp 
	Exp:  Exp.STRADD Exp 
	Exp:  Exp.- Exp 
	Exp:  Exp.+ Exp 
	Exp:  Exp.* Exp 
	Exp:  Exp./ Exp 
	Exp:  Exp.^ Exp 
	Exp:  Exp.% Exp 
	ExpList:  Exp.    (89)

	AND  shift 74
	OR  shift 73
	SLTEQ  shift 77
	SGTEQ  shift 78
	SEQ  shift 79
	SNOTEQ  shift 80
	STRADD  shift 81
	<  shift 75
	>  shift 76
	+  shift 83
	-  shift 82
	*  shift 84
	/  shift 85
	%  shift 87
	^  shift 86
	.  reduce 89 (src line 208)


state 71
	Stat:  DO Block END.    (10)

	.  reduce 10 (src line 71)


72: shift/reduce conflict (shift 7(0), red'n 7(0)) on DO
72: shift/reduce conflict (shift 17(0), red'n 7(0)) on FOR
72: shift/reduce conflict (shift 12(0), red'n 7(0)) on FUNCTION
72: shift/reduce conflict (shift 11(0), red'n 7(0)) on IF
72: shift/reduce conflict (shift 15(0), red'n 7(0)) on LOCAL
72: shift/reduce conflict (shift 10(0), red'n 7(0)) on REPEAT
72: shift/reduce conflict (shift 8(0), red'n 7(0)) on WHILE
72: shift/reduce conflict (shift 16(0), red'n 7(0)) on CLOSURE
72: shift/reduce conflict (shift 20(0), red'n 7(0)) on NAME
72: shift/reduce conflict (shift 6(0), red'n 7(0)) on ANNOTATION
state 72
	Stat:  WHILE Exp DO.Block END 
	StatList: .    (7)

	DO  shift 7
	FOR  shift 17
	FUNCTION  shift 12
	IF  shift 11
	LOCAL  shift 15
	REPEAT  shift 10
	WHILE  shift 8
	CLOSURE  shift 16
	NAME  shift 20
	ANNOTATION  shift 6
	.  reduce 7 (src line 66)

	Block  goto 123
	StatList  goto 3
	Stat  goto 4
	Binding  goto 5
	Repetition  goto 9
	SetList  goto 13
	FuncCall  goto 14
	Var  goto 18
	PrefixExp  goto 19

state 73
	Exp:  Exp OR.Exp 

	FALSE  shift 30
	FUNCTION  shift 41
	NIL  shift 28
	NOT  shift 38
	TRUE  shift 29
	NUMBER  shift 31
	STRING  shift 32
	NAME  shift 20
	MORE  shift 33
	-  shift 40
	#  shift 39
	[  shift 45
	{  shift 44
	.  error

	Exp  goto 124
	FuncCall  goto 43
	Var  goto 42
	FuncDef  goto 34
	PrefixExp  goto 35
	Tableconstructor  goto 36
	Arrayconstructor  goto 37

state 74
	Exp:  Exp AND.Exp 

	FALSE  shift 30
	FUNCTION  shift 41
	NIL  shift 28
	NOT  shift 38
	TRUE  shift 29
	NUMBER  shift 31
	STRING  shift 32
	NAME  shift 20
	MORE  shift 33
	-  shift 40
	#  shift 39
	[  shift 45
	{  shift 44
	.  error

	Exp  goto 125
	FuncCall  goto 43
	Var  goto 42
	FuncDef  goto 34
	PrefixExp  goto 35
	Tableconstructor  goto 36
	Arrayconstructor  goto 37

state 75
	Exp:  Exp <.Exp 

	FALSE  shift 30
	FUNCTION  shift 41
	NIL  shift 28
	NOT  shift 38
	TRUE  shift 29
	NUMBER  shift 31
	STRING  shift 32
	NAME  shift 20
	MORE  shift 33
	-  shift 40
	#  shift 39
	[  shift 45
	{  shift 44
	.  error

	Exp  goto 126
	FuncCall  goto 43
	Var  goto 42
	FuncDef  goto 34
	PrefixExp  goto 35
	Tableconstructor  goto 36
	Arrayconstructor  goto 37

state 76
	Exp:  Exp >.Exp 

	FALSE  shift 30
	FUNCTION  shift 41
	NIL  shift 28
	NOT  shift 38
	TRUE  shift 29
	NUMBER  shift 31
	STRING  shift 32
	NAME  shift 20
	MORE  shift 33
	-  shift 40
	#  shift 39
	[  shift 45
	{  shift 44
	.  error

	Exp  goto 127
	FuncCall  goto 43
	Var  goto 42
	FuncDef  goto 34
	PrefixExp  goto 35
	Tableconstructor  goto 36
	Arrayconstructor  goto 37

state 77
	Exp:  Exp SLTEQ.Exp 

	FALSE  shift 30
	FUNCTION  shift 41
	NIL  shift 28
	NOT  shift 38
	TRUE  shift 29
	NUMBER  shift 31
	STRING  shift 32
	NAME  shift 20
	MORE  shift 33
	-  shift 40
	#  shift 39
	[  shift 45
	{  shift 44
	.  error

	Exp  goto 128
	FuncCall  goto 43
	Var  goto 42
	FuncDef  goto 34
	PrefixExp  goto 35
	Tableconstructor  goto 36
	Arrayconstructor  goto 37

state 78
	Exp:  Exp SGTEQ.Exp 

	FALSE  shift 30
	FUNCTION  shift 41
	NIL  shift 28
	NOT  shift 38
	TRUE  shift 29
	NUMBER  shift 31
	STRING  shift 32
	NAME  shift 20
	MORE  shift 33
	-  shift 40
	#  shift 39
	[  shift 45
	{  shift 44
	.  error

	Exp  goto 129
	FuncCall  goto 43
	Var  goto 42
	FuncDef  goto 34
	PrefixExp  goto 35
	Tableconstructor  goto 36
	Arrayconstructor  goto 37

state 79
	Exp:  Exp SEQ.Exp 

	FALSE  shift 30
	FUNCTION  shift 41
	NIL  shift 28
	NOT  shift 38
	TRUE  shift 29
	NUMBER  shift 31
	STRING  shift 32
	NAME  shift 20
	MORE  shift 33
	-  shift 40
	#  shift 39
	[  shift 45
	{  shift 44
	.  error

	Exp  goto 130
	FuncCall  goto 43
	Var  goto 42
	FuncDef  goto 34
	PrefixExp  goto 35
	Tableconstructor  goto 36
	Arrayconstructor  goto 37

state 80
	Exp:  Exp SNOTEQ.Exp 

	FALSE  shift 30
	FUNCTION  shift 41
	NIL  shift 28
	NOT  shift 38
	TRUE  shift 29
	NUMBER  shift 31
	STRING  shift 32
	NAME  shift 20
	MORE  shift 33
	-  shift 40
	#  shift 39
	[  shift 45
	{  shift 44
	.  error

	Exp  goto 131
	FuncCall  goto 43
	Var  goto 42
	FuncDef  goto 34
	PrefixExp  goto 35
	Tableconstructor  goto 36
	Arrayconstructor  goto 37

state 81
	Exp:  Exp STRADD.Exp 

	FALSE  shift 30
	FUNCTION  shift 41
	NIL  shift 28
	NOT  shift 38
	TRUE  shift 29
	NUMBER  shift 31
	STRING  shift 32
	NAME  shift 20
	MORE  shift 33
	-  shift 40
	#  shift 39
	[  shift 45
	{  shift 44
	.  error

	Exp  goto 132
	FuncCall  goto 43
	Var  goto 42
	FuncDef  goto 34
	PrefixExp  goto 35
	Tableconstructor  goto 36
	Arrayconstructor  goto 37

state 82
	Exp:  Exp -.Exp 

	FALSE  shift 30
	FUNCTION  shift 41
	NIL  shift 28
	NOT  shift 38
	TRUE  shift 29
	NUMBER  shift 31
	STRING  shift 32
	NAME  shift 20
	MORE  shift 33
	-  shift 40
	#  shift 39
	[  shift 45
	{  shift 44
	.  error

	Exp  goto 133
	FuncCall  goto 43
	Var  goto 42
	FuncDef  goto 34
	PrefixExp  goto 35
	Tableconstructor  goto 36
	Arrayconstructor  goto 37

state 83
	Exp:  Exp +.Exp 

	FALSE  shift 30
	FUNCTION  shift 41
	NIL  shift 28
	NOT  shift 38
	TRUE  shift 29
	NUMBER  shift 31
	STRING  shift 32
	NAME  shift 20
	MORE  shift 33
	-  shift 40
	#  shift 39
	[  shift 45
	{  shift 44
	.  error

	Exp  goto 134
	FuncCall  goto 43
	Var  goto 42
	FuncDef  goto 34
	PrefixExp  goto 35
	Tableconstructor  goto 36
	Arrayconstructor  goto 37

state 84
	Exp:  Exp *.Exp 

	FALSE  shift 30
	FUNCTION  shift 41
	NIL  shift 28
	NOT  shift 38
	TRUE  shift 29
	NUMBER  shift 31
	STRING  shift 32
	NAME  shift 20
	MORE  shift 33
	-  shift 40
	#  shift 39
	[  shift 45
	{  shift 44
	.  error

	Exp  goto 135
	FuncCall  goto 43
	Var  goto 42
	FuncDef  goto 34
	PrefixExp  goto 35
	Tableconstructor  goto 36
	Arrayconstructor  goto 37

state 85
	Exp:  Exp /.Exp 

	FALSE  shift 30
	FUNCTION  shift 41
	NIL  shift 28
	NOT  shift 38
	TRUE  shift 29
	NUMBER  shift 31
	STRING  shift 32
	NAME  shift 20
	MORE  shift 33
	-  shift 40
	#  shift 39
	[  shift 45
	{  shift 44
	.  error

	Exp  goto 136
	FuncCall  goto 43
	Var  goto 42
	FuncDef  goto 34
	PrefixExp  goto 35
	Tableconstructor  goto 36
	Arrayconstructor  goto 37

state 86
	Exp:  Exp ^.Exp 

	FALSE  shift 30
	FUNCTION  shift 41
	NIL  shift 28
	NOT  shift 38
	TRUE  shift 29
	NUMBER  shift 31
	STRING  shift 32
	NAME  shift 20
	MORE  shift 33
	-  shift 40
	#  shift 39
	[  shift 45
	{  shift 44
	.  error

	Exp  goto 137
	FuncCall  goto 43
	Var  goto 42
	FuncDef  goto 34
	PrefixExp  goto 35
	Tableconstructor  goto 36
	Arrayconstructor  goto 37

state 87
	Exp:  Exp %.Exp 

	FALSE  shift 30
	FUNCTION  shift 41
	NIL  shift 28
	NOT  shift 38
	TRUE  shift 29
	NUMBER  shift 31
	STRING  shift 32
	NAME  shift 20
	MORE  shift 33
	-  shift 40
	#  shift 39
	[  shift 45
	{  shift 44
	.  error

	Exp  goto 138
	FuncCall  goto 43
	Var  goto 42
	FuncDef  goto 34
	PrefixExp  goto 35
	Tableconstructor  goto 36
	Arrayconstructor  goto 37

state 88
	Exp:  NOT Exp.    (49)
	Exp:  Exp.OR Exp 
	Exp:  Exp.AND Exp 
	Exp:  Exp.< Exp 
	Exp:  Exp.> Exp 
	Exp:  Exp.SLTEQ Exp 
	Exp:  Exp.SGTEQ Exp 
	Exp:  Exp.SEQ Exp 
	Exp:  Exp.SNOTEQ Exp 
	Exp:  Exp.STRADD Exp 
	Exp:  Exp.- Exp 
	Exp:  Exp.+ Exp 
	Exp:  Exp.* Exp 
	Exp:  Exp./ Exp 
	Exp:  Exp.^ Exp 
	Exp:  Exp.% Exp 

	^  shift 86
	.  reduce 49 (src line 141)


89: shift/reduce conflict (shift 74(2), red'n 50(0)) on AND
89: shift/reduce conflict (shift 73(1), red'n 50(0)) on OR
89: shift/reduce conflict (shift 77(3), red'n 50(0)) on SLTEQ
89: shift/reduce conflict (shift 78(3), red'n 50(0)) on SGTEQ
89: shift/reduce conflict (shift 79(3), red'n 50(0)) on SEQ
89: shift/reduce conflict (shift 80(3), red'n 50(0)) on SNOTEQ
89: shift/reduce conflict (shift 81(4), red'n 50(0)) on STRADD
89: shift/reduce conflict (shift 75(3), red'n 50(0)) on <
89: shift/reduce conflict (shift 76(3), red'n 50(0)) on >
89: shift/reduce conflict (shift 83(5), red'n 50(0)) on +
89: shift/reduce conflict (shift 82(5), red'n 50(0)) on -
89: shift/reduce conflict (shift 84(6), red'n 50(0)) on *
89: shift/reduce conflict (shift 85(6), red'n 50(0)) on /
89: shift/reduce conflict (shift 87(6), red'n 50(0)) on %
89: shift/reduce conflict (shift 86(8), red'n 50(0)) on ^
state 89
	Exp:  # Exp.    (50)
	Exp:  Exp.OR Exp 
	Exp:  Exp.AND Exp 
	Exp:  Exp.< Exp 
	Exp:  Exp.> Exp 
	Exp:  Exp.SLTEQ Exp 
	Exp:  Exp.SGTEQ Exp 
	Exp:  Exp.SEQ Exp 
	Exp:  Exp.SNOTEQ Exp 
	Exp:  Exp.STRADD Exp 
	Exp:  Exp.- Exp 
	Exp:  Exp.+ Exp 
	Exp:  Exp.* Exp 
	Exp:  Exp./ Exp 
	Exp:  Exp.^ Exp 
	Exp:  Exp.% Exp 

	AND  shift 74
	OR  shift 73
	SLTEQ  shift 77
	SGTEQ  shift 78
	SEQ  shift 79
	SNOTEQ  shift 80
	STRADD  shift 81
	<  shift 75
	>  shift 76
	+  shift 83
	-  shift 82
	*  shift 84
	/  shift 85
	%  shift 87
	^  shift 86
	.  reduce 50 (src line 142)


state 90
	Exp:  - Exp.    (51)
	Exp:  Exp.OR Exp 
	Exp:  Exp.AND Exp 
	Exp:  Exp.< Exp 
	Exp:  Exp.> Exp 
	Exp:  Exp.SLTEQ Exp 
	Exp:  Exp.SGTEQ Exp 
	Exp:  Exp.SEQ Exp 
	Exp:  Exp.SNOTEQ Exp 
	Exp:  Exp.STRADD Exp 
	Exp:  Exp.- Exp 
	Exp:  Exp.+ Exp 
	Exp:  Exp.* Exp 
	Exp:  Exp./ Exp 
	Exp:  Exp.^ Exp 
	Exp:  Exp.% Exp 

	^  shift 86
	.  reduce 51 (src line 143)


state 91
	FuncDef:  FUNCTION FuncBody.    (75)

	.  reduce 75 (src line 179)


92: shift/reduce conflict (shift 7(0), red'n 7(0)) on DO
92: shift/reduce conflict (shift 17(0), red'n 7(0)) on FOR
92: shift/reduce conflict (shift 12(0), red'n 7(0)) on FUNCTION
92: shift/reduce conflict (shift 11(0), red'n 7(0)) on IF
92: shift/reduce conflict (shift 15(0), red'n 7(0)) on LOCAL
92: shift/reduce conflict (shift 10(0), red'n 7(0)) on REPEAT
92: shift/reduce conflict (shift 8(0), red'n 7(0)) on WHILE
92: shift/reduce conflict (shift 16(0), red'n 7(0)) on CLOSURE
92: shift/reduce conflict (shift 20(0), red'n 7(0)) on NAME
92: shift/reduce conflict (shift 6(0), red'n 7(0)) on ANNOTATION
state 92
	FuncBody:  ParamDefList.Block END 
	StatList: .    (7)

	DO  shift 7
	FOR  shift 17
	FUNCTION  shift 12
	IF  shift 11
	LOCAL  shift 15
	REPEAT  shift 10
	WHILE  shift 8
	CLOSURE  shift 16
	NAME  shift 20
	ANNOTATION  shift 6
	.  reduce 7 (src line 66)

	Block  goto 139
	StatList  goto 3
	Stat  goto 4
	Binding  goto 5
	Repetition  goto 9
	SetList  goto 13
	FuncCall  goto 14
	Var  goto 18
	PrefixExp  goto 19

state 93
	ParamDefList:  (.ParDefList ) 
	ParDefList: .    (81)

	NAME  shift 60
	MORE  shift 142
	.  reduce 81 (src line 192)

	NameList  goto 141
	ParDefList  goto 140

state 94
	Tableconstructor:  { }.    (91)

	.  reduce 91 (src line 212)


state 95
	Tableconstructor:  { FieldList.} 
	Tableconstructor:  { FieldList., } 
	FieldList:  FieldList., Field 

	,  shift 144
	}  shift 143
	.  error


state 96
	FieldList:  Field.    (94)

	.  reduce 94 (src line 217)


state 97
	Field:  NAME.= Exp 

	=  shift 145
	.  error


state 98
	Field:  [.Exp ] = Exp 

	FALSE  shift 30
	FUNCTION  shift 41
	NIL  shift 28
	NOT  shift 38
	TRUE  shift 29
	NUMBER  shift 31
	STRING  shift 32
	NAME  shift 20
	MORE  shift 33
	-  shift 40
	#  shift 39
	[  shift 45
	{  shift 44
	.  error

	Exp  goto 146
	FuncCall  goto 43
	Var  goto 42
	FuncDef  goto 34
	PrefixExp  goto 35
	Tableconstructor  goto 36
	Arrayconstructor  goto 37

state 99
	Arrayconstructor:  [ ].    (86)

	.  reduce 86 (src line 203)


state 100
	Arrayconstructor:  [ ExpList.] 
	Arrayconstructor:  [ ExpList., ] 
	ExpList:  ExpList., Exp 

	,  shift 148
	]  shift 147
	.  error


state 101
	Stat:  Repetition DO Block.END 

	END  shift 149
	.  error


state 102
	UBlock:  Block UNTIL.Exp 

	FALSE  shift 30
	FUNCTION  shift 41
	NIL  shift 28
	NOT  shift 38
	TRUE  shift 29
	NUMBER  shift 31
	STRING  shift 32
	NAME  shift 20
	MORE  shift 33
	-  shift 40
	#  shift 39
	[  shift 45
	{  shift 44
	.  error

	Exp  goto 150
	FuncCall  goto 43
	Var  goto 42
	FuncDef  goto 34
	PrefixExp  goto 35
	Tableconstructor  goto 36
	Arrayconstructor  goto 37

state 103
	Stat:  IF Conds END.    (14)

	.  reduce 14 (src line 75)


104: shift/reduce conflict (shift 7(0), red'n 7(0)) on DO
104: shift/reduce conflict (shift 17(0), red'n 7(0)) on FOR
104: shift/reduce conflict (shift 12(0), red'n 7(0)) on FUNCTION
104: shift/reduce conflict (shift 11(0), red'n 7(0)) on IF
104: shift/reduce conflict (shift 15(0), red'n 7(0)) on LOCAL
104: shift/reduce conflict (shift 10(0), red'n 7(0)) on REPEAT
104: shift/reduce conflict (shift 8(0), red'n 7(0)) on WHILE
104: shift/reduce conflict (shift 16(0), red'n 7(0)) on CLOSURE
104: shift/reduce conflict (shift 20(0), red'n 7(0)) on NAME
104: shift/reduce conflict (shift 6(0), red'n 7(0)) on ANNOTATION
state 104
	Conds:  CondList ELSE.Block 
	StatList: .    (7)

	DO  shift 7
	FOR  shift 17
	FUNCTION  shift 12
	IF  shift 11
	LOCAL  shift 15
	REPEAT  shift 10
	WHILE  shift 8
	CLOSURE  shift 16
	NAME  shift 20
	ANNOTATION  shift 6
	.  reduce 7 (src line 66)

	Block  goto 151
	StatList  goto 3
	Stat  goto 4
	Binding  goto 5
	Repetition  goto 9
	SetList  goto 13
	FuncCall  goto 14
	Var  goto 18
	PrefixExp  goto 19

state 105
	CondList:  CondList ELSEIF.Cond 

	FALSE  shift 30
	FUNCTION  shift 41
	NIL  shift 28
	NOT  shift 38
	TRUE  shift 29
	NUMBER  shift 31
	STRING  shift 32
	NAME  shift 20
	MORE  shift 33
	-  shift 40
	#  shift 39
	[  shift 45
	{  shift 44
	.  error

	Exp  goto 52
	FuncCall  goto 43
	Cond  goto 152
	Var  goto 42
	FuncDef  goto 34
	PrefixExp  goto 35
	Tableconstructor  goto 36
	Arrayconstructor  goto 37

106: shift/reduce conflict (shift 7(0), red'n 7(0)) on DO
106: shift/reduce conflict (shift 17(0), red'n 7(0)) on FOR
106: shift/reduce conflict (shift 12(0), red'n 7(0)) on FUNCTION
106: shift/reduce conflict (shift 11(0), red'n 7(0)) on IF
106: shift/reduce conflict (shift 15(0), red'n 7(0)) on LOCAL
106: shift/reduce conflict (shift 10(0), red'n 7(0)) on REPEAT
106: shift/reduce conflict (shift 8(0), red'n 7(0)) on WHILE
106: shift/reduce conflict (shift 16(0), red'n 7(0)) on CLOSURE
106: shift/reduce conflict (shift 20(0), red'n 7(0)) on NAME
106: shift/reduce conflict (shift 6(0), red'n 7(0)) on ANNOTATION
state 106
	Cond:  Exp THEN.Block 
	StatList: .    (7)

	DO  shift 7
	FOR  shift 17
	FUNCTION  shift 12
	IF  shift 11
	LOCAL  shift 15
	REPEAT  shift 10
	WHILE  shift 8
	CLOSURE  shift 16
	NAME  shift 20
	ANNOTATION  shift 6
	.  reduce 7 (src line 66)

	Block  goto 153
	StatList  goto 3
	Stat  goto 4
	Binding  goto 5
	Repetition  goto 9
	SetList  goto 13
	FuncCall  goto 14
	Var  goto 18
	PrefixExp  goto 19

state 107
	Stat:  FUNCTION FuncName FuncBody.    (15)

	.  reduce 15 (src line 76)


state 108
	DottedName:  DottedName ..NAME 

	NAME  shift 154
	.  error


state 109
	Stat:  SetList = ExpList.    (16)
	ExpList:  ExpList., Exp 

	,  shift 122
	.  reduce 16 (src line 80)


state 110
	SetList:  SetList , Var.    (35)
	PrefixExp:  Var.    (70)

	=  reduce 35 (src line 118)
	,  reduce 35 (src line 118)
	.  reduce 70 (src line 168)


state 111
	Binding:  LOCAL NameList =.ExpList 

	FALSE  shift 30
	FUNCTION  shift 41
	NIL  shift 28
	NOT  shift 38
	TRUE  shift 29
	NUMBER  shift 31
	STRING  shift 32
	NAME  shift 20
	MORE  shift 33
	-  shift 40
	#  shift 39
	[  shift 45
	{  shift 44
	.  error

	Exp  goto 70
	ExpList  goto 155
	FuncCall  goto 43
	Var  goto 42
	FuncDef  goto 34
	PrefixExp  goto 35
	Tableconstructor  goto 36
	Arrayconstructor  goto 37

state 112
	NameList:  NameList ,.NAME 

	NAME  shift 156
	.  error


state 113
	Binding:  LOCAL FUNCTION NAME.FuncBody 

	(  shift 93
	.  error

	FuncBody  goto 157
	ParamDefList  goto 92

state 114
	Binding:  CLOSURE ( NameList.) 
	NameList:  NameList., NAME 

	)  shift 158
	,  shift 112
	.  error


state 115
	Repetition:  FOR NAME =.ExpList 

	FALSE  shift 30
	FUNCTION  shift 41
	NIL  shift 28
	NOT  shift 38
	TRUE  shift 29
	NUMBER  shift 31
	STRING  shift 32
	NAME  shift 20
	MORE  shift 33
	-  shift 40
	#  shift 39
	[  shift 45
	{  shift 44
	.  error

	Exp  goto 70
	ExpList  goto 159
	FuncCall  goto 43
	Var  goto 42
	FuncDef  goto 34
	PrefixExp  goto 35
	Tableconstructor  goto 36
	Arrayconstructor  goto 37

state 116
	Name2:  NAME ,.NAME 

	NAME  shift 160
	.  error


state 117
	Repetition:  FOR Name2 IN.ExpList 

	FALSE  shift 30
	FUNCTION  shift 41
	NIL  shift 28
	NOT  shift 38
	TRUE  shift 29
	NUMBER  shift 31
	STRING  shift 32
	NAME  shift 20
	MORE  shift 33
	-  shift 40
	#  shift 39
	[  shift 45
	{  shift 44
	.  error

	Exp  goto 70
	ExpList  goto 161
	FuncCall  goto 43
	Var  goto 42
	FuncDef  goto 34
	PrefixExp  goto 35
	Tableconstructor  goto 36
	Arrayconstructor  goto 37

state 118
	Exp:  Exp.OR Exp 
	Exp:  Exp.AND Exp 
	Exp:  Exp.< Exp 
	Exp:  Exp.> Exp 
	Exp:  Exp.SLTEQ Exp 
	Exp:  Exp.SGTEQ Exp 
	Exp:  Exp.SEQ Exp 
	Exp:  Exp.SNOTEQ Exp 
	Exp:  Exp.STRADD Exp 
	Exp:  Exp.- Exp 
	Exp:  Exp.+ Exp 
	Exp:  Exp.* Exp 
	Exp:  Exp./ Exp 
	Exp:  Exp.^ Exp 
	Exp:  Exp.% Exp 
	Var:  PrefixExp [ Exp.] 

	AND  shift 74
	OR  shift 73
	SLTEQ  shift 77
	SGTEQ  shift 78
	SEQ  shift 79
	SNOTEQ  shift 80
	STRADD  shift 81
	<  shift 75
	>  shift 76
	+  shift 83
	-  shift 82
	*  shift 84
	/  shift 85
	%  shift 87
	^  shift 86
	]  shift 162
	.  error


state 119
	Var:  PrefixExp . NAME.    (69)

	.  reduce 69 (src line 163)


state 120
	Args:  ( ).    (73)

	.  reduce 73 (src line 175)


state 121
	Args:  ( ExpList.) 
	ExpList:  ExpList., Exp 

	)  shift 163
	,  shift 122
	.  error


state 122
	ExpList:  ExpList ,.Exp 

	FALSE  shift 30
	FUNCTION  shift 41
	NIL  shift 28
	NOT  shift 38
	TRUE  shift 29
	NUMBER  shift 31
	STRING  shift 32
	NAME  shift 20
	MORE  shift 33
	-  shift 40
	#  shift 39
	[  shift 45
	{  shift 44
	.  error

	Exp  goto 164
	FuncCall  goto 43
	Var  goto 42
	FuncDef  goto 34
	PrefixExp  goto 35
	Tableconstructor  goto 36
	Arrayconstructor  goto 37

state 123
	Stat:  WHILE Exp DO Block.END 

	END  shift 165
	.  error


state 124
	Exp:  Exp.OR Exp 
	Exp:  Exp OR Exp.    (52)
	Exp:  Exp.AND Exp 
	Exp:  Exp.< Exp 
	Exp:  Exp.> Exp 
	Exp:  Exp.SLTEQ Exp 
	Exp:  Exp.SGTEQ Exp 
	Exp:  Exp.SEQ Exp 
	Exp:  Exp.SNOTEQ Exp 
	Exp:  Exp.STRADD Exp 
	Exp:  Exp.- Exp 
	Exp:  Exp.+ Exp 
	Exp:  Exp.* Exp 
	Exp:  Exp./ Exp 
	Exp:  Exp.^ Exp 
	Exp:  Exp.% Exp 

	AND  shift 74
	SLTEQ  shift 77
	SGTEQ  shift 78
	SEQ  shift 79
	SNOTEQ  shift 80
	STRADD  shift 81
	<  shift 75
	>  shift 76
	+  shift 83
	-  shift 82
	*  shift 84
	/  shift 85
	%  shift 87
	^  shift 86
	.  reduce 52 (src line 144)


state 125
	Exp:  Exp.OR Exp 
	Exp:  Exp.AND Exp 
	Exp:  Exp AND Exp.    (53)
	Exp:  Exp.< Exp 
	Exp:  Exp.> Exp 
	Exp:  Exp.SLTEQ Exp 
	Exp:  Exp.SGTEQ Exp 
	Exp:  Exp.SEQ Exp 
	Exp:  Exp.SNOTEQ Exp 
	Exp:  Exp.STRADD Exp 
	Exp:  Exp.- Exp 
	Exp:  Exp.+ Exp 
	Exp:  Exp.* Exp 
	Exp:  Exp./ Exp 
	Exp:  Exp.^ Exp 
	Exp:  Exp.% Exp 

	SLTEQ  shift 77
	SGTEQ  shift 78
	SEQ  shift 79
	SNOTEQ  shift 80
	STRADD  shift 81
	<  shift 75
	>  shift 76
	+  shift 83
	-  shift 82
	*  shift 84
	/  shift 85
	%  shift 87
	^  shift 86
	.  reduce 53 (src line 145)


state 126
	Exp:  Exp.OR Exp 
	Exp:  Exp.AND Exp 
	Exp:  Exp.< Exp 
	Exp:  Exp < Exp.    (54)
	Exp:  Exp.> Exp 
	Exp:  Exp.SLTEQ Exp 
	Exp:  Exp.SGTEQ Exp 
	Exp:  Exp.SEQ Exp 
	Exp:  Exp.SNOTEQ Exp 
	Exp:  Exp.STRADD Exp 
	Exp:  Exp.- Exp 
	Exp:  Exp.+ Exp 
	Exp:  Exp.* Exp 
	Exp:  Exp./ Exp 
	Exp:  Exp.^ Exp 
	Exp:  Exp.% Exp 

	STRADD  shift 81
	+  shift 83
	-  shift 82
	*  shift 84
	/  shift 85
	%  shift 87
	^  shift 86
	.  reduce 54 (src line 146)


state 127
	Exp:  Exp.OR Exp 
	Exp:  Exp.AND Exp 
	Exp:  Exp.< Exp 
	Exp:  Exp.> Exp 
	Exp:  Exp > Exp.    (55)
	Exp:  Exp.SLTEQ Exp 
	Exp:  Exp.SGTEQ Exp 
	Exp:  Exp.SEQ Exp 
	Exp:  Exp.SNOTEQ Exp 
	Exp:  Exp.STRADD Exp 
	Exp:  Exp.- Exp 
	Exp:  Exp.+ Exp 
	Exp:  Exp.* Exp 
	Exp:  Exp./ Exp 
	Exp:  Exp.^ Exp 
	Exp:  Exp.% Exp 

	STRADD  shift 81
	+  shift 83
	-  shift 82
	*  shift 84
	/  shift 85
	%  shift 87
	^  shift 86
	.  reduce 55 (src line 147)


state 128
	Exp:  Exp.OR Exp 
	Exp:  Exp.AND Exp 
	Exp:  Exp.< Exp 
	Exp:  Exp.> Exp 
	Exp:  Exp.SLTEQ Exp 
	Exp:  Exp SLTEQ Exp.    (56)
	Exp:  Exp.SGTEQ Exp 
	Exp:  Exp.SEQ Exp 
	Exp:  Exp.SNOTEQ Exp 
	Exp:  Exp.STRADD Exp 
	Exp:  Exp.- Exp 
	Exp:  Exp.+ Exp 
	Exp:  Exp.* Exp 
	Exp:  Exp./ Exp 
	Exp:  Exp.^ Exp 
	Exp:  Exp.% Exp 

	STRADD  shift 81
	+  shift 83
	-  shift 82
	*  shift 84
	/  shift 85
	%  shift 87
	^  shift 86
	.  reduce 56 (src line 148)


state 129
	Exp:  Exp.OR Exp 
	Exp:  Exp.AND Exp 
	Exp:  Exp.< Exp 
	Exp:  Exp.> Exp 
	Exp:  Exp.SLTEQ Exp 
	Exp:  Exp.SGTEQ Exp 
	Exp:  Exp SGTEQ Exp.    (57)
	Exp:  Exp.SEQ Exp 
	Exp:  Exp.SNOTEQ Exp 
	Exp:  Exp.STRADD Exp 
	Exp:  Exp.- Exp 
	Exp:  Exp.+ Exp 
	Exp:  Exp.* Exp 
	Exp:  Exp./ Exp 
	Exp:  Exp.^ Exp 
	Exp:  Exp.% Exp 

	STRADD  shift 81
	+  shift 83
	-  shift 82
	*  shift 84
	/  shift 85
	%  shift 87
	^  shift 86
	.  reduce 57 (src line 149)


state 130
	Exp:  Exp.OR Exp 
	Exp:  Exp.AND Exp 
	Exp:  Exp.< Exp 
	Exp:  Exp.> Exp 
	Exp:  Exp.SLTEQ Exp 
	Exp:  Exp.SGTEQ Exp 
	Exp:  Exp.SEQ Exp 
	Exp:  Exp SEQ Exp.    (58)
	Exp:  Exp.SNOTEQ Exp 
	Exp:  Exp.STRADD Exp 
	Exp:  Exp.- Exp 
	Exp:  Exp.+ Exp 
	Exp:  Exp.* Exp 
	Exp:  Exp./ Exp 
	Exp:  Exp.^ Exp 
	Exp:  Exp.% Exp 

	STRADD  shift 81
	+  shift 83
	-  shift 82
	*  shift 84
	/  shift 85
	%  shift 87
	^  shift 86
	.  reduce 58 (src line 150)


state 131
	Exp:  Exp.OR Exp 
	Exp:  Exp.AND Exp 
	Exp:  Exp.< Exp 
	Exp:  Exp.> Exp 
	Exp:  Exp.SLTEQ Exp 
	Exp:  Exp.SGTEQ Exp 
	Exp:  Exp.SEQ Exp 
	Exp:  Exp.SNOTEQ Exp 
	Exp:  Exp SNOTEQ Exp.    (59)
	Exp:  Exp.STRADD Exp 
	Exp:  Exp.- Exp 
	Exp:  Exp.+ Exp 
	Exp:  Exp.* Exp 
	Exp:  Exp./ Exp 
	Exp:  Exp.^ Exp 
	Exp:  Exp.% Exp 

	STRADD  shift 81
	+  shift 83
	-  shift 82
	*  shift 84
	/  shift 85
	%  shift 87
	^  shift 86
	.  reduce 59 (src line 151)


state 132
	Exp:  Exp.OR Exp 
	Exp:  Exp.AND Exp 
	Exp:  Exp.< Exp 
	Exp:  Exp.> Exp 
	Exp:  Exp.SLTEQ Exp 
	Exp:  Exp.SGTEQ Exp 
	Exp:  Exp.SEQ Exp 
	Exp:  Exp.SNOTEQ Exp 
	Exp:  Exp.STRADD Exp 
	Exp:  Exp STRADD Exp.    (60)
	Exp:  Exp.- Exp 
	Exp:  Exp.+ Exp 
	Exp:  Exp.* Exp 
	Exp:  Exp./ Exp 
	Exp:  Exp.^ Exp 
	Exp:  Exp.% Exp 

	STRADD  shift 81
	+  shift 83
	-  shift 82
	*  shift 84
	/  shift 85
	%  shift 87
	^  shift 86
	.  reduce 60 (src line 152)


state 133
	Exp:  Exp.OR Exp 
	Exp:  Exp.AND Exp 
	Exp:  Exp.< Exp 
	Exp:  Exp.> Exp 
	Exp:  Exp.SLTEQ Exp 
	Exp:  Exp.SGTEQ Exp 
	Exp:  Exp.SEQ Exp 
	Exp:  Exp.SNOTEQ Exp 
	Exp:  Exp.STRADD Exp 
	Exp:  Exp.- Exp 
	Exp:  Exp - Exp.    (61)
	Exp:  Exp.+ Exp 
	Exp:  Exp.* Exp 
	Exp:  Exp./ Exp 
	Exp:  Exp.^ Exp 
	Exp:  Exp.% Exp 

	*  shift 84
	/  shift 85
	%  shift 87
	^  shift 86
	.  reduce 61 (src line 153)


state 134
	Exp:  Exp.OR Exp 
	Exp:  Exp.AND Exp 
	Exp:  Exp.< Exp 
	Exp:  Exp.> Exp 
	Exp:  Exp.SLTEQ Exp 
	Exp:  Exp.SGTEQ Exp 
	Exp:  Exp.SEQ Exp 
	Exp:  Exp.SNOTEQ Exp 
	Exp:  Exp.STRADD Exp 
	Exp:  Exp.- Exp 
	Exp:  Exp.+ Exp 
	Exp:  Exp + Exp.    (62)
	Exp:  Exp.* Exp 
	Exp:  Exp./ Exp 
	Exp:  Exp.^ Exp 
	Exp:  Exp.% Exp 

	*  shift 84
	/  shift 85
	%  shift 87
	^  shift 86
	.  reduce 62 (src line 154)


state 135
	Exp:  Exp.OR Exp 
	Exp:  Exp.AND Exp 
	Exp:  Exp.< Exp 
	Exp:  Exp.> Exp 
	Exp:  Exp.SLTEQ Exp 
	Exp:  Exp.SGTEQ Exp 
	Exp:  Exp.SEQ Exp 
	Exp:  Exp.SNOTEQ Exp 
	Exp:  Exp.STRADD Exp 
	Exp:  Exp.- Exp 
	Exp:  Exp.+ Exp 
	Exp:  Exp.* Exp 
	Exp:  Exp * Exp.    (63)
	Exp:  Exp./ Exp 
	Exp:  Exp.^ Exp 
	Exp:  Exp.% Exp 

	^  shift 86
	.  reduce 63 (src line 155)


state 136
	Exp:  Exp.OR Exp 
	Exp:  Exp.AND Exp 
	Exp:  Exp.< Exp 
	Exp:  Exp.> Exp 
	Exp:  Exp.SLTEQ Exp 
	Exp:  Exp.SGTEQ Exp 
	Exp:  Exp.SEQ Exp 
	Exp:  Exp.SNOTEQ Exp 
	Exp:  Exp.STRADD Exp 
	Exp:  Exp.- Exp 
	Exp:  Exp.+ Exp 
	Exp:  Exp.* Exp 
	Exp:  Exp./ Exp 
	Exp:  Exp / Exp.    (64)
	Exp:  Exp.^ Exp 
	Exp:  Exp.% Exp 

	^  shift 86
	.  reduce 64 (src line 156)


state 137
	Exp:  Exp.OR Exp 
	Exp:  Exp.AND Exp 
	Exp:  Exp.< Exp 
	Exp:  Exp.> Exp 
	Exp:  Exp.SLTEQ Exp 
	Exp:  Exp.SGTEQ Exp 
	Exp:  Exp.SEQ Exp 
	Exp:  Exp.SNOTEQ Exp 
	Exp:  Exp.STRADD Exp 
	Exp:  Exp.- Exp 
	Exp:  Exp.+ Exp 
	Exp:  Exp.* Exp 
	Exp:  Exp./ Exp 
	Exp:  Exp.^ Exp 
	Exp:  Exp ^ Exp.    (65)
	Exp:  Exp.% Exp 

	^  shift 86
	.  reduce 65 (src line 157)


state 138
	Exp:  Exp.OR Exp 
	Exp:  Exp.AND Exp 
	Exp:  Exp.< Exp 
	Exp:  Exp.> Exp 
	Exp:  Exp.SLTEQ Exp 
	Exp:  Exp.SGTEQ Exp 
	Exp:  Exp.SEQ Exp 
	Exp:  Exp.SNOTEQ Exp 
	Exp:  Exp.STRADD Exp 
	Exp:  Exp.- Exp 
	Exp:  Exp.+ Exp 
	Exp:  Exp.* Exp 
	Exp:  Exp./ Exp 
	Exp:  Exp.^ Exp 
	Exp:  Exp.% Exp 
	Exp:  Exp % Exp.    (66)

	^  shift 86
	.  reduce 66 (src line 158)


state 139
	FuncBody:  ParamDefList Block.END 

	END  shift 166
	.  error


state 140
	ParamDefList:  ( ParDefList.) 

	)  shift 167
	.  error


state 141
	ParDefList:  NameList.    (78)
	ParDefList:  NameList., MORE 
	NameList:  NameList., NAME 

	,  shift 168
	.  reduce 78 (src line 188)


state 142
	ParDefList:  MORE.    (79)

	.  reduce 79 (src line 190)


state 143
	Tableconstructor:  { FieldList }.    (92)

	.  reduce 92 (src line 214)


state 144
	Tableconstructor:  { FieldList ,.} 
	FieldList:  FieldList ,.Field 

	NAME  shift 97
	[  shift 98
	}  shift 169
	.  error

	Field  goto 170

state 145
	Field:  NAME =.Exp 

	FALSE  shift 30
	FUNCTION  shift 41
	NIL  shift 28
	NOT  shift 38
	TRUE  shift 29
	NUMBER  shift 31
	STRING  shift 32
	NAME  shift 20
	MORE  shift 33
	-  shift 40
	#  shift 39
	[  shift 45
	{  shift 44
	.  error

	Exp  goto 171
	FuncCall  goto 43
	Var  goto 42
	FuncDef  goto 34
	PrefixExp  goto 35
	Tableconstructor  goto 36
	Arrayconstructor  goto 37

state 146
	Exp:  Exp.OR Exp 
	Exp:  Exp.AND Exp 
	Exp:  Exp.< Exp 
	Exp:  Exp.> Exp 
	Exp:  Exp.SLTEQ Exp 
	Exp:  Exp.SGTEQ Exp 
	Exp:  Exp.SEQ Exp 
	Exp:  Exp.SNOTEQ Exp 
	Exp:  Exp.STRADD Exp 
	Exp:  Exp.- Exp 
	Exp:  Exp.+ Exp 
	Exp:  Exp.* Exp 
	Exp:  Exp./ Exp 
	Exp:  Exp.^ Exp 
	Exp:  Exp.% Exp 
	Field:  [ Exp.] = Exp 

	AND  shift 74
	OR  shift 73
	SLTEQ  shift 77
	SGTEQ  shift 78
	SEQ  shift 79
	SNOTEQ  shift 80
	STRADD  shift 81
	<  shift 75
	>  shift 76
	+  shift 83
	-  shift 82
	*  shift 84
	/  shift 85
	%  shift 87
	^  shift 86
	]  shift 172
	.  error


state 147
	Arrayconstructor:  [ ExpList ].    (87)

	.  reduce 87 (src line 205)


state 148
	Arrayconstructor:  [ ExpList ,.] 
	ExpList:  ExpList ,.Exp 

	FALSE  shift 30
	FUNCTION  shift 41
	NIL  shift 28
	NOT  shift 38
	TRUE  shift 29
	NUMBER  shift 31
	STRING  shift 32
	NAME  shift 20
	MORE  shift 33
	-  shift 40
	#  shift 39
	[  shift 45
	]  shift 173
	{  shift 44
	.  error

	Exp  goto 164
	FuncCall  goto 43
	Var  goto 42
	FuncDef  goto 34
	PrefixExp  goto 35
	Tableconstructor  goto 36
	Arrayconstructor  goto 37

state 149
	Stat:  Repetition DO Block END.    (12)

	.  reduce 12 (src line 73)


state 150
	UBlock:  Block UNTIL Exp.    (4)
	Exp:  Exp.OR Exp 
	Exp:  Exp.AND Exp 
	Exp:  Exp.< Exp 
	Exp:  Exp.> Exp 
	Exp:  Exp.SLTEQ Exp 
	Exp:  Exp.SGTEQ Exp 
	Exp:  Exp.SEQ Exp 
	Exp:  Exp.SNOTEQ Exp 
	Exp:  Exp.STRADD Exp 
	Exp:  Exp.- Exp 
	Exp:  Exp.+ Exp 
	Exp:  Exp.* Exp 
	Exp:  Exp./ Exp 
	Exp:  Exp.^ Exp 
	Exp:  Exp.% Exp 

	AND  shift 74
	OR  shift 73
	SLTEQ  shift 77
	SGTEQ  shift 78
	SEQ  shift 79
	SNOTEQ  shift 80
	STRADD  shift 81
	<  shift 75
	>  shift 76
	+  shift 83
	-  shift 82
	*  shift 84
	/  shift 85
	%  shift 87
	^  shift 86
	.  reduce 4 (src line 60)


state 151
	Conds:  CondList ELSE Block.    (21)

	.  reduce 21 (src line 89)


state 152
	CondList:  CondList ELSEIF Cond.    (23)

	.  reduce 23 (src line 93)


state 153
	Cond:  Exp THEN Block.    (24)

	.  reduce 24 (src line 95)


state 154
	DottedName:  DottedName . NAME.    (38)

	.  reduce 38 (src line 125)


state 155
	Binding:  LOCAL NameList = ExpList.    (30)
	ExpList:  ExpList., Exp 

	,  shift 122
	.  reduce 30 (src line 106)


state 156
	NameList:  NameList , NAME.    (85)

	.  reduce 85 (src line 201)


state 157
	Binding:  LOCAL FUNCTION NAME FuncBody.    (31)

	.  reduce 31 (src line 107)


state 158
	Binding:  CLOSURE ( NameList ).    (32)

	.  reduce 32 (src line 113)


state 159
	Repetition:  FOR NAME = ExpList.    (18)
	ExpList:  ExpList., Exp 

	,  shift 122
	.  reduce 18 (src line 83)


state 160
	Name2:  NAME , NAME.    (83)

	.  reduce 83 (src line 197)


state 161
	Repetition:  FOR Name2 IN ExpList.    (19)
	ExpList:  ExpList., Exp 

	,  shift 122
	.  reduce 19 (src line 85)


state 162
	Var:  PrefixExp [ Exp ].    (68)

	.  reduce 68 (src line 162)


state 163
	Args:  ( ExpList ).    (74)

	.  reduce 74 (src line 177)


state 164
	Exp:  Exp.OR Exp 
	Exp:  Exp.AND Exp 
	Exp:  Exp.< Exp 
	Exp:  Exp.> Exp 
	Exp:  Exp.SLTEQ Exp 
	Exp:  Exp.SGTEQ Exp 
	Exp:  Exp.SEQ Exp 
	Exp:  Exp.SNOTEQ Exp 
	Exp:  Exp.STRADD Exp 
	Exp:  Exp.- Exp 
	Exp:  Exp.+ Exp 
	Exp:  Exp.* Exp 
	Exp:  Exp./ Exp 
	Exp:  Exp.^ Exp 
	Exp:  Exp.% Exp 
	ExpList:  ExpList , Exp.    (90)

	AND  shift 74
	OR  shift 73
	SLTEQ  shift 77
	SGTEQ  shift 78
	SEQ  shift 79
	SNOTEQ  shift 80
	STRADD  shift 81
	<  shift 75
	>  shift 76
	+  shift 83
	-  shift 82
	*  shift 84
	/  shift 85
	%  shift 87
	^  shift 86
	.  reduce 90 (src line 210)


state 165
	Stat:  WHILE Exp DO Block END.    (11)

	.  reduce 11 (src line 72)


state 166
	FuncBody:  ParamDefList Block END.    (76)

	.  reduce 76 (src line 182)


state 167
	ParamDefList:  ( ParDefList ).    (77)

	.  reduce 77 (src line 185)


state 168
	ParDefList:  NameList ,.MORE 
	NameList:  NameList ,.NAME 

	NAME  shift 156
	MORE  shift 174
	.  error


state 169
	Tableconstructor:  { FieldList , }.    (93)

	.  reduce 93 (src line 215)


state 170
	FieldList:  FieldList , Field.    (95)

	.  reduce 95 (src line 219)


state 171
	Exp:  Exp.OR Exp 
	Exp:  Exp.AND Exp 
	Exp:  Exp.< Exp 
	Exp:  Exp.> Exp 
	Exp:  Exp.SLTEQ Exp 
	Exp:  Exp.SGTEQ Exp 
	Exp:  Exp.SEQ Exp 
	Exp:  Exp.SNOTEQ Exp 
	Exp:  Exp.STRADD Exp 
	Exp:  Exp.- Exp 
	Exp:  Exp.+ Exp 
	Exp:  Exp.* Exp 
	Exp:  Exp./ Exp 
	Exp:  Exp.^ Exp 
	Exp:  Exp.% Exp 
	Field:  NAME = Exp.    (96)

	AND  shift 74
	OR  shift 73
	SLTEQ  shift 77
	SGTEQ  shift 78
	SEQ  shift 79
	SNOTEQ  shift 80
	STRADD  shift 81
	<  shift 75
	>  shift 76
	+  shift 83
	-  shift 82
	*  shift 84
	/  shift 85
	%  shift 87
	^  shift 86
	.  reduce 96 (src line 221)


state 172
	Field:  [ Exp ].= Exp 

	=  shift 175
	.  error


state 173
	Arrayconstructor:  [ ExpList , ].    (88)

	.  reduce 88 (src line 206)


state 174
	ParDefList:  NameList , MORE.    (80)

	.  reduce 80 (src line 191)


state 175
	Field:  [ Exp ] =.Exp 

	FALSE  shift 30
	FUNCTION  shift 41
	NIL  shift 28
	NOT  shift 38
	TRUE  shift 29
	NUMBER  shift 31
	STRING  shift 32
	NAME  shift 20
	MORE  shift 33
	-  shift 40
	#  shift 39
	[  shift 45
	{  shift 44
	.  error

	Exp  goto 176
	FuncCall  goto 43
	Var  goto 42
	FuncDef  goto 34
	PrefixExp  goto 35
	Tableconstructor  goto 36
	Arrayconstructor  goto 37

state 176
	Exp:  Exp.OR Exp 
	Exp:  Exp.AND Exp 
	Exp:  Exp.< Exp 
	Exp:  Exp.> Exp 
	Exp:  Exp.SLTEQ Exp 
	Exp:  Exp.SGTEQ Exp 
	Exp:  Exp.SEQ Exp 
	Exp:  Exp.SNOTEQ Exp 
	Exp:  Exp.STRADD Exp 
	Exp:  Exp.- Exp 
	Exp:  Exp.+ Exp 
	Exp:  Exp.* Exp 
	Exp:  Exp./ Exp 
	Exp:  Exp.^ Exp 
	Exp:  Exp.% Exp 
	Field:  [ Exp ] = Exp.    (97)

	AND  shift 74
	OR  shift 73
	SLTEQ  shift 77
	SGTEQ  shift 78
	SEQ  shift 79
	SNOTEQ  shift 80
	STRADD  shift 81
	<  shift 75
	>  shift 76
	+  shift 83
	-  shift 82
	*  shift 84
	/  shift 85
	%  shift 87
	^  shift 86
	.  reduce 97 (src line 226)


56 terminals, 31 nonterminals
98 grammar rules, 177/2000 states
95 shift/reduce, 0 reduce/reduce conflicts reported
80 working sets used
memory: parser 480/30000
133 extra closures
862 shift entries, 8 exceptions
108 goto entries
252 entries saved by goto default
Optimizer space used: output 497/30000
497 table entries, 135 zero
maximum spread: 56, maximum offset: 175
